============================= test session starts ==============================
platform linux -- Python 3.14.2, pytest-9.0.2, pluggy-1.6.0
rootdir: /home/hugob/code/projects/kuma-scout
configfile: pyproject.toml
testpaths: tests
plugins: cov-7.0.0
collected 267 items

tests/plugins/test_cmdcheck.py .......                                   [  2%]
tests/plugins/test_kopia_snapshot.py .....                               [  4%]
tests/plugins/test_portscan.py ....                                      [  5%]
tests/plugins/test_zfs_pool.py .....                                     [  7%]
tests/test_cli.py ........................                               [ 16%]
tests/test_cli_utils.py ....................                             [ 24%]
tests/test_config_loader.py ....................                         [ 31%]
tests/test_error_sanitization.py ..........                              [ 35%]
tests/test_heartbeat.py .................                                [ 41%]
tests/test_logger.py ..................................................  [ 60%]
tests/test_models.py ..........                                          [ 64%]
tests/test_sanitizer_redos.py ..........................                 [ 74%]
tests/test_tag_aggregation.py ..................                         [ 80%]
tests/test_uptime_kuma.py ......................                         [ 89%]
tests/utils/test_ssh_runner.py .............................             [100%]

================================ tests coverage ================================
_______________ coverage: platform linux, python 3.14.2-final-0 ________________

Name                                       Stmts   Miss  Cover   Missing
------------------------------------------------------------------------
src/kuma_scout/__init__.py                     3      0   100%
src/kuma_scout/cli/__init__.py                 0      0   100%
src/kuma_scout/cli/app.py                     32      5    84%   42-45, 82
src/kuma_scout/cli/generator.py              354    124    65%   152-154, 192-193, 200-204, 208, 215, 248, 252, 285-350, 365-382, 463-537, 582-598, 681, 729-787, 804, 843, 888-900, 910, 982, 1001, 1021
src/kuma_scout/cli/state.py                    1      1     0%   4
src/kuma_scout/cli/utils.py                   29      1    97%   40
src/kuma_scout/core/__init__.py                0      0   100%
src/kuma_scout/core/config_loader.py          86     13    85%   39, 60-65, 87-91, 108, 112, 124
src/kuma_scout/core/heartbeat.py              30      0   100%
src/kuma_scout/core/logger.py                 57      1    98%   54
src/kuma_scout/core/models.py                  9      0   100%
src/kuma_scout/core/uptime_kuma.py            31      1    97%   61
src/kuma_scout/core/utils/sanitizer.py       146      2    99%   180, 322
src/kuma_scout/core/utils/ssh_runner.py      124      4    97%   224, 227-228, 314
src/kuma_scout/plugins/__init__.py            36     10    72%   57-62, 80-84, 104
src/kuma_scout/plugins/base.py               142     94    34%   79, 83, 87, 97-98, 106-119, 128-137, 153-169, 173-177, 181-216, 220-225, 231-233, 246, 259-298, 307-330
src/kuma_scout/plugins/cmdcheck.py            51      1    98%   88
src/kuma_scout/plugins/kopia_snapshot.py      81     14    83%   46-47, 58-62, 140, 151, 170-173, 179, 193-196, 201-204
src/kuma_scout/plugins/models.py              34      0   100%
src/kuma_scout/plugins/portscan.py           101     39    61%   106-109, 129-130, 144, 147, 162-182, 186-188, 192-196, 200-206
src/kuma_scout/plugins/zfs_pool.py            68     15    78%   43-44, 121-126, 156-159, 164-167, 172-175, 182-186
------------------------------------------------------------------------
TOTAL                                       1415    325    77%
Coverage HTML written to dir htmlcov
============================= 267 passed in 1.57s ==============================
